{
  "RSpec": {
    "coverage": {
      "/Users/whatapalaver/Documents/GitHub/tech_tests/game-of-life/spec/cell_spec.rb": [
        1,
        null,
        1,
        null,
        4,
        null,
        1,
        1,
        1,
        null,
        1,
        1,
        1,
        1,
        1,
        null,
        1,
        1,
        null,
        null,
        null,
        null
      ],
      "/Users/whatapalaver/Documents/GitHub/tech_tests/game-of-life/lib/cell.rb": [
        1,
        1,
        null,
        1,
        291,
        291,
        null,
        null,
        1,
        145,
        null,
        null,
        1,
        0,
        null,
        null,
        null
      ],
      "/Users/whatapalaver/Documents/GitHub/tech_tests/game-of-life/spec/game_spec.rb": [
        1,
        null,
        1,
        null,
        4,
        2,
        null,
        1,
        1,
        1,
        null,
        null,
        1,
        1,
        1,
        null,
        null,
        1,
        1,
        null,
        null,
        null,
        null,
        1,
        1,
        1,
        null,
        null,
        null,
        null
      ],
      "/Users/whatapalaver/Documents/GitHub/tech_tests/game-of-life/lib/game.rb": [
        1,
        1,
        null,
        1,
        4,
        4,
        null,
        4,
        3,
        null,
        null,
        null,
        null,
        null,
        null,
        1,
        null,
        1,
        3,
        null,
        null
      ],
      "/Users/whatapalaver/Documents/GitHub/tech_tests/game-of-life/spec/grid_spec.rb": [
        1,
        null,
        1,
        null,
        5,
        null,
        1,
        1,
        1,
        null,
        null,
        1,
        1,
        1,
        null,
        null,
        1,
        1,
        null,
        null,
        null,
        1,
        1,
        1,
        1,
        null,
        null,
        null,
        null
      ],
      "/Users/whatapalaver/Documents/GitHub/tech_tests/game-of-life/lib/grid.rb": [
        1,
        1,
        null,
        1,
        8,
        8,
        288,
        null,
        null,
        null,
        1,
        4,
        null,
        null,
        1,
        4,
        4,
        144,
        null,
        4,
        null,
        null,
        null
      ]
    },
    "timestamp": 1536577342
  }
}
