{
  "RSpec": {
    "coverage": {
      "/Users/whatapalaver/Documents/GitHub/tech_tests/game-of-life/spec/cell_spec.rb": [
        1,
        null,
        1,
        null,
        4,
        null,
        1,
        1,
        1,
        null,
        1,
        1,
        1,
        1,
        null,
        1,
        1,
        null,
        null,
        null,
        null
      ],
      "/Users/whatapalaver/Documents/GitHub/tech_tests/game-of-life/lib/cell.rb": [
        1,
        1,
        null,
        1,
        75,
        75,
        75,
        null,
        null,
        1,
        1,
        null,
        null,
        null
      ],
      "/Users/whatapalaver/Documents/GitHub/tech_tests/game-of-life/spec/world_spec.rb": [
        1,
        null,
        1,
        null,
        3,
        null,
        1,
        1,
        1,
        null,
        null,
        1,
        1,
        1,
        1,
        null,
        null,
        1,
        0,
        null,
        null,
        null,
        1,
        1,
        0,
        0,
        null,
        null,
        null,
        null
      ],
      "/Users/whatapalaver/Documents/GitHub/tech_tests/game-of-life/lib/world.rb": [
        1,
        1,
        null,
        1,
        2,
        2,
        2,
        12,
        72,
        null,
        null,
        null,
        null,
        1,
        null,
        null,
        1,
        null,
        null,
        null
      ]
    },
    "timestamp": 1536529315
  }
}
